<?xml version="1.0" encoding="UTF-8"?>
<testng-results skipped="0" failed="0" total="2" passed="2">
  <reporter-output>
  </reporter-output>
  <suite name="Suite" duration-ms="790" started-at="2016-06-14T20:42:00Z" finished-at="2016-06-14T20:42:00Z">
    <groups>
    </groups>
    <test name="Test" duration-ms="790" started-at="2016-06-14T20:42:00Z" finished-at="2016-06-14T20:42:00Z">
      <class name="Delete.DeleteReg">
        <test-method status="PASS" signature="beforeSuite()[pri:0, instance:Delete.DeleteReg@62ee68d8]" name="beforeSuite" is-config="true" duration-ms="7" started-at="2016-06-14T15:42:00Z" finished-at="2016-06-14T15:42:00Z">
          <reporter-output>
          </reporter-output>
        </test-method> <!-- beforeSuite -->
        <test-method status="PASS" signature="DeleteAllReg()[pri:0, instance:Delete.DeleteReg@62ee68d8]" name="DeleteAllReg" duration-ms="95" started-at="2016-06-14T15:42:00Z" finished-at="2016-06-14T15:42:00Z">
          <reporter-output>
          </reporter-output>
        </test-method> <!-- DeleteAllReg -->
      </class> <!-- Delete.DeleteReg -->
      <class name="Delete.DeleteSession">
        <test-method status="PASS" signature="beforeSuite()[pri:0, instance:Delete.DeleteSession@735b5592]" name="beforeSuite" is-config="true" duration-ms="0" started-at="2016-06-14T15:42:00Z" finished-at="2016-06-14T15:42:00Z">
          <reporter-output>
          </reporter-output>
        </test-method> <!-- beforeSuite -->
        <test-method status="PASS" signature="DeleteAllSessions()[pri:0, instance:Delete.DeleteSession@735b5592]" name="DeleteAllSessions" duration-ms="683" started-at="2016-06-14T15:42:00Z" finished-at="2016-06-14T15:42:00Z">
          <reporter-output>
          </reporter-output>
        </test-method> <!-- DeleteAllSessions -->
      </class> <!-- Delete.DeleteSession -->
    </test> <!-- Test -->
  </suite> <!-- Suite -->
</testng-results>
